<?xml version="1.0" encoding="UTF-8"?>
<!-- Generated by org.testng.reporters.JUnitReportReporter -->
<testsuite skipped="0" hostname="ip-172-31-28-62" name="testcases.LoginTest" tests="2" failures="0" timestamp="2022-04-08T16:42:43 UTC" time="3.924" errors="0">
  <testcase name="SuccessfulLogin" time="2.132" classname="testcases.LoginTest"/>
  <system-out/>
  <testcase name="LoginFailureTest" time="1.792" classname="testcases.LoginTest"/>
  <system-out/>
</testsuite> <!-- testcases.LoginTest -->
