<?xml version="1.0" encoding="UTF-8"?>
<!-- Generated by org.testng.reporters.JUnitReportReporter -->
<testsuite skipped="0" hostname="ip-172-31-28-62" name="testcases.LoginTest" tests="2" failures="0" timestamp="2022-04-08T16:48:46 UTC" time="3.067" errors="0">
  <testcase name="LoginFailureTest" time="1.702" classname="testcases.LoginTest"/>
  <system-out/>
  <testcase name="SuccessfulLogin" time="1.365" classname="testcases.LoginTest"/>
  <system-out/>
</testsuite> <!-- testcases.LoginTest -->
